<?xml version="1.0" encoding="UTF-8"?>
<!-- Generated by org.testng.reporters.JUnitReportReporter -->
<testsuite hostname="hp" failures="0" tests="1" name="Test_Classes.Test_1" time="11.493" errors="0" timestamp="2023-03-05T11:08:31 IST" skipped="0">
  <testcase classname="Test_Classes.Test_1" name="verifyusername12" time="11.493"/>
  <system-out/>
</testsuite> <!-- Test_Classes.Test_1 -->
